\BOOKMARK [1][-]{section.0}{\376\377\000G\000r\000a\000p\000h\000i\000n\000g\000\040\000T\000e\000c\000h\000n\000i\000q\000u\000e\000s}{}% 1
\BOOKMARK [2][-]{subsection.0.1}{\376\377\000G\000r\000a\000p\000h\000\040\000F\000e\000a\000t\000u\000r\000e\000s}{section.0}% 2
\BOOKMARK [3][-]{subsubsection.0.1.1}{\376\377\000B\000a\000s\000i\000c\000\040\000c\000h\000a\000r\000a\000c\000t\000e\000r\000i\000s\000t\000i\000c\000s}{subsection.0.1}% 3
\BOOKMARK [3][-]{subsubsection.0.1.2}{\376\377\000S\000y\000m\000m\000e\000t\000r\000y}{subsection.0.1}% 4
\BOOKMARK [2][-]{subsection.0.2}{\376\377\000T\000y\000p\000e\000s\000\040\000o\000f\000\040\000G\000r\000a\000p\000h\000s}{section.0}% 5
\BOOKMARK [3][-]{subsubsection.0.2.1}{\376\377\000P\000o\000w\000e\000r\000\040\000F\000u\000n\000c\000t\000i\000o\000n\000s}{subsection.0.2}% 6
\BOOKMARK [3][-]{subsubsection.0.2.2}{\376\377\000P\000i\000e\000c\000e\000w\000i\000s\000e\000\040\000F\000u\000n\000c\000t\000i\000o\000n\000s}{subsection.0.2}% 7
\BOOKMARK [3][-]{subsubsection.0.2.3}{\376\377\000P\000e\000r\000i\000o\000d\000i\000c\000\040\000F\000u\000n\000c\000t\000i\000o\000n\000s}{subsection.0.2}% 8
\BOOKMARK [3][-]{subsubsection.0.2.4}{\376\377\000R\000a\000t\000i\000o\000n\000a\000l\000\040\000F\000u\000n\000c\000t\000i\000o\000n\000s}{subsection.0.2}% 9
\BOOKMARK [3][-]{subsubsection.0.2.5}{\376\377\000R\000e\000c\000i\000p\000r\000o\000c\000a\000l\000\040\000F\000u\000n\000c\000t\000i\000o\000n\000s}{subsection.0.2}% 10
\BOOKMARK [2][-]{subsection.0.3}{\376\377\000L\000i\000n\000e\000a\000r\000\040\000T\000r\000a\000n\000s\000f\000o\000r\000m\000a\000t\000i\000o\000n\000s}{section.0}% 11
\BOOKMARK [3][-]{subsubsection.0.3.1}{\376\377\000T\000r\000a\000n\000s\000l\000a\000t\000i\000o\000n}{subsection.0.3}% 12
\BOOKMARK [3][-]{subsubsection.0.3.2}{\376\377\000S\000c\000a\000l\000i\000n\000g}{subsection.0.3}% 13
\BOOKMARK [3][-]{subsubsection.0.3.3}{\376\377\000R\000e\000f\000l\000e\000c\000t\000i\000o\000n}{subsection.0.3}% 14
\BOOKMARK [3][-]{subsubsection.0.3.4}{\376\377\000M\000o\000d\000u\000l\000u\000s\000\040\000T\000r\000a\000n\000s\000f\000o\000r\000m\000a\000t\000i\000o\000n\000s}{subsection.0.3}% 15
\BOOKMARK [3][-]{subsubsection.0.3.5}{\376\377\000S\000e\000q\000u\000e\000n\000c\000e\000\040\000o\000f\000\040\000T\000r\000a\000n\000f\000o\000r\000m\000a\000t\000i\000o\000n\000s}{subsection.0.3}% 16
\BOOKMARK [2][-]{subsection.0.4}{\376\377\000C\000o\000n\000i\000c\000\040\000S\000e\000c\000t\000i\000o\000n\000s}{section.0}% 17
\BOOKMARK [3][-]{subsubsection.0.4.1}{\376\377\000E\000l\000l\000i\000p\000s\000e\000s}{subsection.0.4}% 18
\BOOKMARK [3][-]{subsubsection.0.4.2}{\376\377\000C\000i\000r\000c\000l\000e\000s}{subsection.0.4}% 19
\BOOKMARK [3][-]{subsubsection.0.4.3}{\376\377\000H\000y\000p\000e\000r\000b\000o\000l\000a\000s}{subsection.0.4}% 20
\BOOKMARK [3][-]{subsubsection.0.4.4}{\376\377\000P\000a\000r\000a\000b\000o\000l\000a\000s}{subsection.0.4}% 21
\BOOKMARK [2][-]{subsection.0.5}{\376\377\000P\000a\000r\000a\000m\000e\000t\000r\000i\000c\000\040\000E\000q\000u\000a\000t\000i\000o\000n\000s}{section.0}% 22
\BOOKMARK [3][-]{subsubsection.0.5.1}{\376\377\000S\000k\000e\000t\000c\000h\000i\000n\000g\000\040\000P\000a\000r\000a\000m\000e\000t\000r\000i\000c\000\040\000C\000u\000r\000v\000e\000s}{subsection.0.5}% 23
\BOOKMARK [3][-]{subsubsection.0.5.2}{\376\377\000F\000i\000n\000d\000i\000n\000g\000\040\000A\000s\000y\000m\000p\000t\000o\000t\000e\000s\000\040\000o\000f\000\040\000P\000a\000r\000a\000m\000e\000t\000r\000i\000c\000\040\000C\000u\000r\000v\000e\000s}{subsection.0.5}% 24
\BOOKMARK [3][-]{subsubsection.0.5.3}{\376\377\000C\000o\000n\000v\000e\000r\000s\000i\000o\000n\000\040\000o\000f\000\040\000P\000a\000r\000a\000m\000e\000t\000r\000i\000c\000\040\000t\000o\000\040\000C\000a\000r\000t\000e\000s\000i\000a\000n\000\040\000E\000q\000u\000a\000t\000i\000o\000n\000s}{subsection.0.5}% 25
