\BOOKMARK [1][-]{section.0}{\376\377\000F\000u\000n\000c\000t\000i\000o\000n\000s}{}% 1
\BOOKMARK [2][-]{subsection.0.1}{\376\377\000S\000e\000t\000\040\000N\000o\000t\000a\000t\000i\000o\000n}{section.0}% 2
\BOOKMARK [3][-]{subsubsection.0.1.1}{\376\377\000I\000n\000t\000e\000r\000v\000a\000l\000\040\000N\000o\000t\000a\000t\000i\000o\000n}{subsection.0.1}% 3
\BOOKMARK [2][-]{subsection.0.2}{\376\377\000D\000e\000f\000i\000n\000i\000t\000i\000o\000n\000s}{section.0}% 4
\BOOKMARK [3][-]{subsubsection.0.2.1}{\376\377\000N\000o\000t\000a\000t\000i\000o\000n\000s}{subsection.0.2}% 5
\BOOKMARK [3][-]{subsubsection.0.2.2}{\376\377\000R\000e\000l\000a\000t\000i\000o\000n\000s}{subsection.0.2}% 6
\BOOKMARK [3][-]{subsubsection.0.2.3}{\376\377\000D\000e\000f\000i\000n\000i\000t\000i\000o\000n\000\040\000o\000f\000\040\000a\000\040\000F\000u\000n\000c\000t\000i\000o\000n}{subsection.0.2}% 7
\BOOKMARK [3][-]{subsubsection.0.2.4}{\376\377\000F\000i\000n\000d\000i\000n\000g\000\040\000R\000a\000n\000g\000e\000\040\000w\000i\000t\000h\000\040\000G\000C}{subsection.0.2}% 8
\BOOKMARK [2][-]{subsection.0.3}{\376\377\000I\000n\000j\000e\000c\000t\000i\000v\000e\000\040\000F\000u\000n\000c\000t\000i\000o\000n\000s}{section.0}% 9
\BOOKMARK [3][-]{subsubsection.0.3.1}{\376\377\000D\000e\000f\000i\000n\000i\000t\000i\000o\000n\000\040\000o\000f\000\040\000I\000n\000j\000e\000c\000t\000i\000o\000n}{subsection.0.3}% 10
\BOOKMARK [3][-]{subsubsection.0.3.2}{\376\377\000D\000i\000s\000p\000r\000o\000v\000i\000n\000g\000\040\000I\000n\000j\000e\000c\000t\000i\000v\000i\000t\000y}{subsection.0.3}% 11
\BOOKMARK [3][-]{subsubsection.0.3.3}{\376\377\000P\000r\000o\000v\000i\000n\000g\000\040\000I\000n\000j\000e\000v\000t\000i\000v\000i\000t\000y}{subsection.0.3}% 12
\BOOKMARK [2][-]{subsection.0.4}{\376\377\000*\000S\000u\000r\000j\000e\000c\000t\000i\000v\000e\000\040\000F\000u\000n\000c\000t\000i\000o\000n\000s}{section.0}% 13
\BOOKMARK [3][-]{subsubsection.0.4.1}{\376\377\000D\000e\000f\000i\000n\000i\000t\000i\000o\000n\000\040\000o\000f\000\040\000S\000u\000r\000j\000e\000c\000t\000i\000o\000n}{subsection.0.4}% 14
\BOOKMARK [2][-]{subsection.0.5}{\376\377\000*\000B\000i\000j\000e\000c\000t\000i\000v\000e\000\040\000F\000u\000n\000c\000t\000i\000o\000n\000s}{section.0}% 15
\BOOKMARK [3][-]{subsubsection.0.5.1}{\376\377\000D\000e\000f\000i\000n\000i\000t\000i\000o\000n\000\040\000o\000f\000\040\000B\000i\000j\000e\000c\000t\000i\000o\000n}{subsection.0.5}% 16
\BOOKMARK [2][-]{subsection.0.6}{\376\377\000I\000n\000v\000e\000r\000s\000e\000\040\000F\000u\000n\000c\000t\000i\000o\000n\000s}{section.0}% 17
\BOOKMARK [3][-]{subsubsection.0.6.1}{\376\377\000I\000n\000v\000e\000s\000e\000\040\000F\000u\000n\000c\000t\000i\000o\000n\000\040\000N\000o\000t\000a\000t\000i\000o\000n}{subsection.0.6}% 18
\BOOKMARK [3][-]{subsubsection.0.6.2}{\376\377\000C\000o\000n\000d\000i\000t\000i\000o\000n\000s\000\040\000f\000o\000r\000\040\000a\000n\000\040\000i\000n\000v\000e\000r\000s\000e\000\040\000t\000o\000\040\000e\000x\000i\000s\000t}{subsection.0.6}% 19
\BOOKMARK [3][-]{subsubsection.0.6.3}{\376\377\000P\000r\000o\000p\000e\000r\000t\000i\000e\000s\000\040\000o\000f\000\040\000I\000n\000v\000e\000r\000s\000e\000\040\000F\000u\000n\000c\000t\000i\000o\000n\000s}{subsection.0.6}% 20
\BOOKMARK [3][-]{subsubsection.0.6.4}{\376\377\000S\000e\000l\000f\000-\000I\000n\000v\000e\000r\000s\000i\000n\000g\000\040\000f\000u\000n\000c\000t\000i\000o\000n\000s}{subsection.0.6}% 21
\BOOKMARK [2][-]{subsection.0.7}{\376\377\000C\000o\000m\000p\000o\000s\000i\000t\000e\000\040\000F\000u\000n\000c\000t\000i\000o\000n\000s}{section.0}% 22
\BOOKMARK [3][-]{subsubsection.0.7.1}{\376\377\000C\000o\000m\000p\000o\000s\000i\000t\000e\000\040\000F\000u\000n\000c\000t\000i\000o\000n\000\040\000N\000o\000t\000a\000t\000i\000o\000n}{subsection.0.7}% 23
\BOOKMARK [3][-]{subsubsection.0.7.2}{\376\377\000C\000o\000n\000d\000i\000t\000i\000o\000n\000s\000\040\000f\000o\000r\000\040\000a\000\040\000c\000o\000m\000p\000o\000s\000i\000t\000i\000o\000n\000\040\000t\000o\000\040\000e\000x\000i\000s\000t}{subsection.0.7}% 24
\BOOKMARK [3][-]{subsubsection.0.7.3}{\376\377\000P\000r\000o\000p\000e\000r\000t\000i\000e\000s\000\040\000o\000f\000\040\000C\000o\000m\000p\000o\000s\000i\000t\000e\000\040\000F\000u\000n\000c\000t\000i\000o\000n\000s}{subsection.0.7}% 25
\BOOKMARK [3][-]{subsubsection.0.7.4}{\376\377\000F\000i\000n\000d\000i\000n\000g\000\040\000D\000o\000m\000a\000i\000n\000\040\000\046\000\040\000R\000a\000n\000g\000e\000\040\000o\000f\000\040\000a\000\040\000C\000o\000m\000p\000o\000s\000i\000t\000i\000o\000n}{subsection.0.7}% 26
\BOOKMARK [2][-]{subsection.0.8}{\376\377\000E\000x\000t\000e\000n\000s\000i\000o\000n\000s}{section.0}% 27
\BOOKMARK [3][-]{subsubsection.0.8.1}{\376\377\000P\000r\000o\000p\000e\000r\000t\000i\000e\000s\000\040\000o\000f\000\040\000F\000u\000n\000c\000t\000i\000o\000n\000s}{subsection.0.8}% 28
\BOOKMARK [3][-]{subsubsection.0.8.2}{\376\377\000I\000n\000v\000e\000r\000s\000e\000\040\000T\000r\000i\000g\000o\000n\000o\000m\000e\000t\000i\000c\000\040\000F\000u\000n\000c\000t\000i\000o\000n\000s}{subsection.0.8}% 29
\BOOKMARK [3][-]{subsubsection.0.8.3}{\376\377\000M\000o\000n\000o\000t\000o\000n\000i\000c\000\040\000F\000u\000n\000c\000t\000i\000o\000n\000s}{subsection.0.8}% 30
\BOOKMARK [3][-]{subsubsection.0.8.4}{\376\377\000*\000F\000l\000o\000o\000r\000\040\000a\000n\000d\000\040\000C\000e\000i\000l\000i\000n\000g\000\040\000F\000u\000n\000c\000t\000i\000o\000n\000s}{subsection.0.8}% 31
\BOOKMARK [3][-]{subsubsection.0.8.5}{\376\377\000*\000C\000o\000n\000t\000i\000n\000u\000i\000t\000y\000\040\000\046\000\040\000D\000i\000s\000c\000o\000n\000t\000i\000n\000u\000i\000t\000y}{subsection.0.8}% 32
